  [1m[36m (5.7ms)[0m  [1mCREATE TABLE "schema_migrations" ("version" varchar(255) NOT NULL) [0m
  [1m[35m (3.5ms)[0m  CREATE UNIQUE INDEX "unique_schema_migrations" ON "schema_migrations" ("version")
  [1m[36mActiveRecord::SchemaMigration Load (0.1ms)[0m  [1mSELECT "schema_migrations".* FROM "schema_migrations"[0m
Migrating to CreateImportingErrors (20140328154520)
  [1m[35m (0.1ms)[0m  begin transaction
  [1m[36m (0.4ms)[0m  [1mCREATE TABLE "import_errors" ("id" INTEGER PRIMARY KEY AUTOINCREMENT NOT NULL, "csv_import_id" integer, "csv_import_type" varchar(255), "error_messages" text, "input_values" text, "created_at" datetime, "updated_at" datetime) [0m
  [1m[35m (0.2ms)[0m  CREATE INDEX "index_import_errors_on_csv_import_id_and_csv_import_type" ON "import_errors" ("csv_import_id", "csv_import_type")
  [1m[36mSQL (0.2ms)[0m  [1mINSERT INTO "schema_migrations" ("version") VALUES (?)[0m  [["version", "20140328154520"]]
  [1m[35m (4.0ms)[0m  commit transaction
Migrating to CreateCsvImports (20140328154703)
  [1m[36m (0.1ms)[0m  [1mbegin transaction[0m
  [1m[35m (0.4ms)[0m  CREATE TABLE "csv_imports" ("id" INTEGER PRIMARY KEY AUTOINCREMENT NOT NULL, "file" varchar(255), "file_cache" varchar(255), "type" varchar(255), "total_count" integer DEFAULT 0, "created_at" datetime, "updated_at" datetime) 
  [1m[36m (0.2ms)[0m  [1mCREATE INDEX "index_csv_imports_on_type" ON "csv_imports" ("type")[0m
  [1m[35mSQL (0.1ms)[0m  INSERT INTO "schema_migrations" ("version") VALUES (?)  [["version", "20140328154703"]]
  [1m[36m (3.5ms)[0m  [1mcommit transaction[0m
Migrating to CreateCompanies (20140402125627)
  [1m[35m (0.1ms)[0m  begin transaction
  [1m[36m (0.4ms)[0m  [1mCREATE TABLE "companies" ("id" INTEGER PRIMARY KEY AUTOINCREMENT NOT NULL, "name" varchar(255), "status_id" integer, "location_id" integer, "contact_email" varchar(255), "created_at" datetime, "updated_at" datetime) [0m
  [1m[35m (0.2ms)[0m  CREATE INDEX "index_companies_on_status_id" ON "companies" ("status_id")
  [1m[36m (0.2ms)[0m  [1mCREATE INDEX "index_companies_on_location_id" ON "companies" ("location_id")[0m
  [1m[35mSQL (0.1ms)[0m  INSERT INTO "schema_migrations" ("version") VALUES (?)  [["version", "20140402125627"]]
  [1m[36m (3.4ms)[0m  [1mcommit transaction[0m
Migrating to CreateStatuses (20140402125733)
  [1m[35m (0.1ms)[0m  begin transaction
  [1m[36m (0.3ms)[0m  [1mCREATE TABLE "statuses" ("id" INTEGER PRIMARY KEY AUTOINCREMENT NOT NULL, "name" varchar(255), "created_at" datetime, "updated_at" datetime) [0m
  [1m[35mSQL (0.4ms)[0m  INSERT INTO "schema_migrations" ("version") VALUES (?)  [["version", "20140402125733"]]
  [1m[36m (3.9ms)[0m  [1mcommit transaction[0m
Migrating to CreateLocations (20140402125740)
  [1m[35m (0.1ms)[0m  begin transaction
  [1m[36m (0.4ms)[0m  [1mCREATE TABLE "locations" ("id" INTEGER PRIMARY KEY AUTOINCREMENT NOT NULL, "name" varchar(255), "created_at" datetime, "updated_at" datetime) [0m
  [1m[35mSQL (0.4ms)[0m  INSERT INTO "schema_migrations" ("version") VALUES (?)  [["version", "20140402125740"]]
  [1m[36m (3.9ms)[0m  [1mcommit transaction[0m
  [1m[35mActiveRecord::SchemaMigration Load (0.1ms)[0m  SELECT "schema_migrations".* FROM "schema_migrations"
